<?xml version="1.0" encoding="UTF-8"?>
<!-- Generated by org.testng.reporters.JUnitReportReporter -->
<testsuite skipped="0" hostname="DESKTOP-N5FL77D" name="com.crm.vtiger.OrganizationTest.TC_11_CreateOrganizationWithAssignedToAndMarkatingGroupTest" tests="1" failures="0" timestamp="2021-05-05T16:34:31 IST" time="16.919" errors="0">
  <testcase name="createOrganizationWithAssignedToInMarkatingGroup" time="16.919" classname="com.crm.vtiger.OrganizationTest.TC_11_CreateOrganizationWithAssignedToAndMarkatingGroupTest"/>
  <system-out/>
</testsuite> <!-- com.crm.vtiger.OrganizationTest.TC_11_CreateOrganizationWithAssignedToAndMarkatingGroupTest -->
