<?xml version="1.0" encoding="UTF-8"?>
<!-- Generated by org.testng.reporters.JUnitReportReporter -->
<testsuite skipped="0" hostname="DESKTOP-N5FL77D" name="com.crm.vtiger.GerericUtils.ExcelUtility" tests="1" failures="0" timestamp="2021-05-01T10:59:01 IST" time="0.499" errors="0">
  <testcase name="getValue" time="0.499" classname="com.crm.vtiger.GerericUtils.ExcelUtility"/>
  <system-out/>
</testsuite> <!-- com.crm.vtiger.GerericUtils.ExcelUtility -->
