<?xml version="1.0" encoding="UTF-8"?>
<!-- Generated by org.testng.reporters.JUnitReportReporter -->
<testsuite skipped="0" hostname="DESKTOP-N5FL77D" name="practice.ddt.ReadDataFromPropertyFileTest" tests="1" failures="0" timestamp="2021-05-05T10:53:06 IST" time="0.016" errors="0">
  <testcase name="readDataTest" time="0.016" classname="practice.ddt.ReadDataFromPropertyFileTest"/>
  <system-out/>
</testsuite> <!-- practice.ddt.ReadDataFromPropertyFileTest -->
