<?xml version="1.0" encoding="UTF-8"?>
<!-- Generated by org.testng.reporters.JUnitReportReporter -->
<testsuite skipped="0" hostname="DESKTOP-N5FL77D" name="com.crm.vtiger.OrganizationTest.TC_12_CreateOrganizationWithRatingTest" tests="1" failures="0" timestamp="2021-05-05T14:02:21 IST" time="22.536" errors="0">
  <testcase name="createOrganizationWithRating" time="22.536" classname="com.crm.vtiger.OrganizationTest.TC_12_CreateOrganizationWithRatingTest"/>
  <system-out/>
</testsuite> <!-- com.crm.vtiger.OrganizationTest.TC_12_CreateOrganizationWithRatingTest -->
