<?xml version="1.0" encoding="UTF-8"?>
<!-- Generated by org.testng.reporters.JUnitReportReporter -->
<testsuite skipped="0" hostname="DESKTOP-N5FL77D" name="com.crm.vtiger.script1.TC_15_CreateOrganizationToCheckWetherNotifyOwnerRadioButtonIsEnabledOrNotTest" tests="1" failures="0" timestamp="2021-05-04T12:03:11 IST" time="16.045" errors="0">
  <testcase name="createOrganizationToCheckWetherNotifyOwnerRadioButtonIsEnabledOrNot" time="16.045" classname="com.crm.vtiger.script1.TC_15_CreateOrganizationToCheckWetherNotifyOwnerRadioButtonIsEnabledOrNotTest"/>
  <system-out/>
</testsuite> <!-- com.crm.vtiger.script1.TC_15_CreateOrganizationToCheckWetherNotifyOwnerRadioButtonIsEnabledOrNotTest -->
