<?xml version="1.0" encoding="UTF-8"?>
<!-- Generated by org.testng.reporters.JUnitReportReporter -->
<testsuite skipped="0" hostname="DESKTOP-N5FL77D" name="com.crm.vtiger.script1.TC_12_CreateOrganizationWithRatingTest" tests="1" failures="0" timestamp="2021-05-04T12:19:34 IST" time="23.171" errors="0">
  <testcase name="createOrganizationWithRating" time="23.171" classname="com.crm.vtiger.script1.TC_12_CreateOrganizationWithRatingTest"/>
  <system-out/>
</testsuite> <!-- com.crm.vtiger.script1.TC_12_CreateOrganizationWithRatingTest -->
